<?xml version="1.0" encoding="UTF-8"?>
<testsuite name="utest" tests="1" skipped="0" failures="0" errors="0" timestamp="2021-10-12T07:03:23" hostname="UNIMAG-PC" time="25.516">
  <properties/>
  <testcase name="Search for the utest page" classname="utest" time="25.516"/>
  <system-out><![CDATA[]]></system-out>
  <system-err><![CDATA[[Test worker] WARN net.thucydides.core.steps.BaseStepListener - stepStarted: net.thucydides.core.steps.ExecutedStepDescription@756b3507
[Test worker] WARN net.thucydides.core.steps.BaseStepListener - stepStarted: net.thucydides.core.steps.ExecutedStepDescription@32ac6246
oct. 12, 2021 2:03:24 A. M. org.openqa.selenium.remote.DesiredCapabilities chrome
INFORMACIÓN: Using `new ChromeOptions()` is preferred to `DesiredCapabilities.chrome()`
[Test worker] INFO net.serenitybdd.core.webdriver.driverproviders.ProvideNewDriver - Instantiating driver
[Test worker] INFO net.serenitybdd.core.webdriver.driverproviders.ProvideNewDriver - Driver capabilities: Capabilities {acceptInsecureCerts: false, browserName: chrome, goog:chromeOptions: {args: [], extensions: []}, loggingPrefs: org.openqa.selenium.logging..., platform: ANY, version: }
Starting ChromeDriver 94.0.4606.41 (333e85df3c9b656b518b5f1add5ff246365b6c24-refs/branch-heads/4606@{#845}) on port 37670
Only local connections are allowed.
Please see https://chromedriver.chromium.org/security-considerations for suggestions on keeping ChromeDriver safe.
ChromeDriver was started successfully.
oct. 12, 2021 2:03:31 A. M. org.openqa.selenium.remote.ProtocolHandshake createSession
INFORMACIÓN: Detected dialect: W3C
[Test worker] WARN net.thucydides.core.steps.BaseStepListener - stepFinished: current outcome:Search for the utest page:Given than Harold wants to register in utest [Harold opens the Home page utest]
[Test worker] WARN net.thucydides.core.steps.BaseStepListener - stepFinished: current outcome:Search for the utest page:Given than Harold wants to register in utest [Harold opens the Home page utest]
[Test worker] WARN net.thucydides.core.steps.BaseStepListener - stepStarted: net.thucydides.core.steps.ExecutedStepDescription@1f2918fc
[Test worker] WARN net.thucydides.core.steps.BaseStepListener - stepFinished: current outcome:Search for the utest page:Given than Harold wants to register in utest [Harold opens the Home page utest], When he performs the steps to register on the utest page
[Test worker] WARN net.thucydides.core.steps.BaseStepListener - stepStarted: net.thucydides.core.steps.ExecutedStepDescription@42f1144c
[Test worker] WARN net.thucydides.core.steps.BaseStepListener - stepFinished: current outcome:Search for the utest page:Given than Harold wants to register in utest [Harold opens the Home page utest], When he performs the steps to register on the utest page, Then he has access to the utest platform
[Test worker] WARN net.thucydides.core.steps.BaseStepListener - testFinished: Search for the utest page:Given than Harold wants to register in utest [Harold opens the Home page utest], When he performs the steps to register on the utest page, Then he has access to the utest platform
[Test worker] WARN net.thucydides.core.steps.BaseStepListener - TestOutcomes: [Search for the utest page:Given than Harold wants to register in utest [Harold opens the Home page utest], When he performs the steps to register on the utest page, Then he has access to the utest platform]
[Test worker] WARN net.thucydides.core.steps.BaseStepListener - Final testOutcomes: [Search for the utest page:Given than Harold wants to register in utest [Harold opens the Home page utest], When he performs the steps to register on the utest page, Then he has access to the utest platform]
[Test worker] INFO net.thucydides.core.steps.ConsoleLoggingListener - 
        __    _____ _____ ____ _____   ____   _    ____  ____  _____ ____  
  _     \ \  |_   _| ____/ ___|_   _| |  _ \ / \  / ___|/ ___|| ____|  _ \ 
 (_)_____| |   | | |  _| \___ \ | |   | |_) / _ \ \___ \\___ \|  _| | | | |
  _|_____| |   | | | |___ ___) || |   |  __/ ___ \ ___) |___) | |___| |_| |
 (_)     | |   |_| |_____|____/ |_|   |_| /_/   \_\____/|____/|_____|____/ 
        /_/                                                                

TEST PASSED: Search for the utest page
----------------------------------------------------------------------------
]]></system-err>
</testsuite>
